[2024-12-02T17:26:41.155+0000] {local_task_job_runner.py:123} INFO - ::group::Pre task execution logs
[2024-12-02T17:26:41.164+0000] {taskinstance.py:2613} INFO - Dependencies all met for dep_context=non-requeueable deps ti=<TaskInstance: tv_schedule_scraper.scrape_tv_schedule manual__2024-12-02T17:26:40.186757+00:00 [queued]>
[2024-12-02T17:26:41.171+0000] {taskinstance.py:2613} INFO - Dependencies all met for dep_context=requeueable deps ti=<TaskInstance: tv_schedule_scraper.scrape_tv_schedule manual__2024-12-02T17:26:40.186757+00:00 [queued]>
[2024-12-02T17:26:41.171+0000] {taskinstance.py:2866} INFO - Starting attempt 1 of 2
[2024-12-02T17:26:41.178+0000] {taskinstance.py:2889} INFO - Executing <Task(PythonOperator): scrape_tv_schedule> on 2024-12-02 17:26:40.186757+00:00
[2024-12-02T17:26:41.181+0000] {warnings.py:112} WARNING - /home/***/.local/lib/python3.12/site-packages/***/task/task_runner/standard_task_runner.py:70: DeprecationWarning: This process (pid=105) is multi-threaded, use of fork() may lead to deadlocks in the child.
  pid = os.fork()

[2024-12-02T17:26:41.182+0000] {standard_task_runner.py:72} INFO - Started process 106 to run task
[2024-12-02T17:26:41.182+0000] {standard_task_runner.py:104} INFO - Running: ['***', 'tasks', 'run', 'tv_schedule_scraper', 'scrape_tv_schedule', 'manual__2024-12-02T17:26:40.186757+00:00', '--job-id', '357', '--raw', '--subdir', 'DAGS_FOLDER/dag_rtve.py', '--cfg-path', '/tmp/tmplxba46a0']
[2024-12-02T17:26:41.184+0000] {standard_task_runner.py:105} INFO - Job 357: Subtask scrape_tv_schedule
[2024-12-02T17:26:41.208+0000] {task_command.py:467} INFO - Running <TaskInstance: tv_schedule_scraper.scrape_tv_schedule manual__2024-12-02T17:26:40.186757+00:00 [running]> on host c2dfb6fa46f1
[2024-12-02T17:26:41.249+0000] {taskinstance.py:3132} INFO - Exporting env vars: AIRFLOW_CTX_DAG_OWNER='***' AIRFLOW_CTX_DAG_ID='tv_schedule_scraper' AIRFLOW_CTX_TASK_ID='scrape_tv_schedule' AIRFLOW_CTX_EXECUTION_DATE='2024-12-02T17:26:40.186757+00:00' AIRFLOW_CTX_TRY_NUMBER='1' AIRFLOW_CTX_DAG_RUN_ID='manual__2024-12-02T17:26:40.186757+00:00'
[2024-12-02T17:26:41.250+0000] {taskinstance.py:731} INFO - ::endgroup::
[2024-12-02T17:26:44.964+0000] {taskinstance.py:3311} ERROR - Task failed with exception
Traceback (most recent call last):
  File "/home/airflow/.local/lib/python3.12/site-packages/airflow/models/taskinstance.py", line 767, in _execute_task
    result = _execute_callable(context=context, **execute_callable_kwargs)
             ^^^^^^^^^^^^^^^^^^^^^^^^^^^^^^^^^^^^^^^^^^^^^^^^^^^^^^^^^^^^^
  File "/home/airflow/.local/lib/python3.12/site-packages/airflow/models/taskinstance.py", line 733, in _execute_callable
    return ExecutionCallableRunner(
           ^^^^^^^^^^^^^^^^^^^^^^^^
  File "/home/airflow/.local/lib/python3.12/site-packages/airflow/utils/operator_helpers.py", line 252, in run
    return self.func(*args, **kwargs)
           ^^^^^^^^^^^^^^^^^^^^^^^^^^
  File "/home/airflow/.local/lib/python3.12/site-packages/airflow/models/baseoperator.py", line 417, in wrapper
    return func(self, *args, **kwargs)
           ^^^^^^^^^^^^^^^^^^^^^^^^^^^
  File "/home/airflow/.local/lib/python3.12/site-packages/airflow/operators/python.py", line 238, in execute
    return_value = self.execute_callable()
                   ^^^^^^^^^^^^^^^^^^^^^^^
  File "/home/airflow/.local/lib/python3.12/site-packages/airflow/operators/python.py", line 256, in execute_callable
    return runner.run(*self.op_args, **self.op_kwargs)
           ^^^^^^^^^^^^^^^^^^^^^^^^^^^^^^^^^^^^^^^^^^^
  File "/home/airflow/.local/lib/python3.12/site-packages/airflow/utils/operator_helpers.py", line 252, in run
    return self.func(*args, **kwargs)
           ^^^^^^^^^^^^^^^^^^^^^^^^^^
  File "/opt/airflow/dags/dag_rtve.py", line 41, in scrape_tv_schedule
    ).click()
      ^^^^^^^
  File "/home/airflow/.local/lib/python3.12/site-packages/selenium/webdriver/remote/webelement.py", line 94, in click
    self._execute(Command.CLICK_ELEMENT)
  File "/home/airflow/.local/lib/python3.12/site-packages/selenium/webdriver/remote/webelement.py", line 395, in _execute
    return self._parent.execute(command, params)
           ^^^^^^^^^^^^^^^^^^^^^^^^^^^^^^^^^^^^^
  File "/home/airflow/.local/lib/python3.12/site-packages/selenium/webdriver/remote/webdriver.py", line 384, in execute
    self.error_handler.check_response(response)
  File "/home/airflow/.local/lib/python3.12/site-packages/selenium/webdriver/remote/errorhandler.py", line 232, in check_response
    raise exception_class(message, screen, stacktrace)
selenium.common.exceptions.ElementClickInterceptedException: Message: element click intercepted: Element is not clickable at point (668, 650)
  (Session info: chrome-headless-shell=124.0.6367.78)
Stacktrace:
#0 0x5572e2f93ca7 <unknown>
#1 0x5572e2c6ac9c <unknown>
#2 0x5572e2cb565d <unknown>
#3 0x5572e2cb3dfd <unknown>
#4 0x5572e2cb20b0 <unknown>
#5 0x5572e2cb16eb <unknown>
#6 0x5572e2ca6f1a <unknown>
#7 0x5572e2cd1f86 <unknown>
#8 0x5572e2ca6912 <unknown>
#9 0x5572e2cd2132 <unknown>
#10 0x5572e2ceef16 <unknown>
#11 0x5572e2cd1ce7 <unknown>
#12 0x5572e2ca46b1 <unknown>
#13 0x5572e2ca54c6 <unknown>
#14 0x5572e2f6155a <unknown>
#15 0x5572e2f648ea <unknown>
#16 0x5572e2f64393 <unknown>
#17 0x5572e2f64d79 <unknown>
#18 0x5572e2f51b2f <unknown>
#19 0x5572e2f65134 <unknown>
#20 0x5572e2f3a5aa <unknown>
#21 0x5572e2f84459 <unknown>
#22 0x5572e2f84646 <unknown>
#23 0x5572e2f93193 <unknown>
#24 0x7fda9dac5134 <unknown>

[2024-12-02T17:26:44.974+0000] {taskinstance.py:1225} INFO - Marking task as UP_FOR_RETRY. dag_id=tv_schedule_scraper, task_id=scrape_tv_schedule, run_id=manual__2024-12-02T17:26:40.186757+00:00, execution_date=20241202T172640, start_date=20241202T172641, end_date=20241202T172644
[2024-12-02T17:26:44.983+0000] {taskinstance.py:340} INFO - ::group::Post task execution logs
[2024-12-02T17:26:44.983+0000] {standard_task_runner.py:124} ERROR - Failed to execute job 357 for task scrape_tv_schedule (Message: element click intercepted: Element is not clickable at point (668, 650)
  (Session info: chrome-headless-shell=124.0.6367.78)
Stacktrace:
#0 0x5572e2f93ca7 <unknown>
#1 0x5572e2c6ac9c <unknown>
#2 0x5572e2cb565d <unknown>
#3 0x5572e2cb3dfd <unknown>
#4 0x5572e2cb20b0 <unknown>
#5 0x5572e2cb16eb <unknown>
#6 0x5572e2ca6f1a <unknown>
#7 0x5572e2cd1f86 <unknown>
#8 0x5572e2ca6912 <unknown>
#9 0x5572e2cd2132 <unknown>
#10 0x5572e2ceef16 <unknown>
#11 0x5572e2cd1ce7 <unknown>
#12 0x5572e2ca46b1 <unknown>
#13 0x5572e2ca54c6 <unknown>
#14 0x5572e2f6155a <unknown>
#15 0x5572e2f648ea <unknown>
#16 0x5572e2f64393 <unknown>
#17 0x5572e2f64d79 <unknown>
#18 0x5572e2f51b2f <unknown>
#19 0x5572e2f65134 <unknown>
#20 0x5572e2f3a5aa <unknown>
#21 0x5572e2f84459 <unknown>
#22 0x5572e2f84646 <unknown>
#23 0x5572e2f93193 <unknown>
#24 0x7fda9dac5134 <unknown>
; 106)
Traceback (most recent call last):
  File "/home/airflow/.local/lib/python3.12/site-packages/airflow/task/task_runner/standard_task_runner.py", line 117, in _start_by_fork
    ret = args.func(args, dag=self.dag)
          ^^^^^^^^^^^^^^^^^^^^^^^^^^^^^
  File "/home/airflow/.local/lib/python3.12/site-packages/airflow/cli/cli_config.py", line 49, in command
    return func(*args, **kwargs)
           ^^^^^^^^^^^^^^^^^^^^^
  File "/home/airflow/.local/lib/python3.12/site-packages/airflow/utils/cli.py", line 116, in wrapper
    return f(*args, **kwargs)
           ^^^^^^^^^^^^^^^^^^
  File "/home/airflow/.local/lib/python3.12/site-packages/airflow/cli/commands/task_command.py", line 483, in task_run
    task_return_code = _run_task_by_selected_method(args, _dag, ti)
                       ^^^^^^^^^^^^^^^^^^^^^^^^^^^^^^^^^^^^^^^^^^^^
  File "/home/airflow/.local/lib/python3.12/site-packages/airflow/cli/commands/task_command.py", line 256, in _run_task_by_selected_method
    return _run_raw_task(args, ti)
           ^^^^^^^^^^^^^^^^^^^^^^^
  File "/home/airflow/.local/lib/python3.12/site-packages/airflow/cli/commands/task_command.py", line 341, in _run_raw_task
    return ti._run_raw_task(
           ^^^^^^^^^^^^^^^^^
  File "/home/airflow/.local/lib/python3.12/site-packages/airflow/utils/session.py", line 97, in wrapper
    return func(*args, session=session, **kwargs)
           ^^^^^^^^^^^^^^^^^^^^^^^^^^^^^^^^^^^^^^
  File "/home/airflow/.local/lib/python3.12/site-packages/airflow/models/taskinstance.py", line 3005, in _run_raw_task
    return _run_raw_task(
           ^^^^^^^^^^^^^^
  File "/home/airflow/.local/lib/python3.12/site-packages/airflow/models/taskinstance.py", line 273, in _run_raw_task
    TaskInstance._execute_task_with_callbacks(
  File "/home/airflow/.local/lib/python3.12/site-packages/airflow/models/taskinstance.py", line 3159, in _execute_task_with_callbacks
    result = self._execute_task(context, task_orig)
             ^^^^^^^^^^^^^^^^^^^^^^^^^^^^^^^^^^^^^^
  File "/home/airflow/.local/lib/python3.12/site-packages/airflow/models/taskinstance.py", line 3183, in _execute_task
    return _execute_task(self, context, task_orig)
           ^^^^^^^^^^^^^^^^^^^^^^^^^^^^^^^^^^^^^^^
  File "/home/airflow/.local/lib/python3.12/site-packages/airflow/models/taskinstance.py", line 767, in _execute_task
    result = _execute_callable(context=context, **execute_callable_kwargs)
             ^^^^^^^^^^^^^^^^^^^^^^^^^^^^^^^^^^^^^^^^^^^^^^^^^^^^^^^^^^^^^
  File "/home/airflow/.local/lib/python3.12/site-packages/airflow/models/taskinstance.py", line 733, in _execute_callable
    return ExecutionCallableRunner(
           ^^^^^^^^^^^^^^^^^^^^^^^^
  File "/home/airflow/.local/lib/python3.12/site-packages/airflow/utils/operator_helpers.py", line 252, in run
    return self.func(*args, **kwargs)
           ^^^^^^^^^^^^^^^^^^^^^^^^^^
  File "/home/airflow/.local/lib/python3.12/site-packages/airflow/models/baseoperator.py", line 417, in wrapper
    return func(self, *args, **kwargs)
           ^^^^^^^^^^^^^^^^^^^^^^^^^^^
  File "/home/airflow/.local/lib/python3.12/site-packages/airflow/operators/python.py", line 238, in execute
    return_value = self.execute_callable()
                   ^^^^^^^^^^^^^^^^^^^^^^^
  File "/home/airflow/.local/lib/python3.12/site-packages/airflow/operators/python.py", line 256, in execute_callable
    return runner.run(*self.op_args, **self.op_kwargs)
           ^^^^^^^^^^^^^^^^^^^^^^^^^^^^^^^^^^^^^^^^^^^
  File "/home/airflow/.local/lib/python3.12/site-packages/airflow/utils/operator_helpers.py", line 252, in run
    return self.func(*args, **kwargs)
           ^^^^^^^^^^^^^^^^^^^^^^^^^^
  File "/opt/airflow/dags/dag_rtve.py", line 41, in scrape_tv_schedule
    ).click()
      ^^^^^^^
  File "/home/airflow/.local/lib/python3.12/site-packages/selenium/webdriver/remote/webelement.py", line 94, in click
    self._execute(Command.CLICK_ELEMENT)
  File "/home/airflow/.local/lib/python3.12/site-packages/selenium/webdriver/remote/webelement.py", line 395, in _execute
    return self._parent.execute(command, params)
           ^^^^^^^^^^^^^^^^^^^^^^^^^^^^^^^^^^^^^
  File "/home/airflow/.local/lib/python3.12/site-packages/selenium/webdriver/remote/webdriver.py", line 384, in execute
    self.error_handler.check_response(response)
  File "/home/airflow/.local/lib/python3.12/site-packages/selenium/webdriver/remote/errorhandler.py", line 232, in check_response
    raise exception_class(message, screen, stacktrace)
selenium.common.exceptions.ElementClickInterceptedException: Message: element click intercepted: Element is not clickable at point (668, 650)
  (Session info: chrome-headless-shell=124.0.6367.78)
Stacktrace:
#0 0x5572e2f93ca7 <unknown>
#1 0x5572e2c6ac9c <unknown>
#2 0x5572e2cb565d <unknown>
#3 0x5572e2cb3dfd <unknown>
#4 0x5572e2cb20b0 <unknown>
#5 0x5572e2cb16eb <unknown>
#6 0x5572e2ca6f1a <unknown>
#7 0x5572e2cd1f86 <unknown>
#8 0x5572e2ca6912 <unknown>
#9 0x5572e2cd2132 <unknown>
#10 0x5572e2ceef16 <unknown>
#11 0x5572e2cd1ce7 <unknown>
#12 0x5572e2ca46b1 <unknown>
#13 0x5572e2ca54c6 <unknown>
#14 0x5572e2f6155a <unknown>
#15 0x5572e2f648ea <unknown>
#16 0x5572e2f64393 <unknown>
#17 0x5572e2f64d79 <unknown>
#18 0x5572e2f51b2f <unknown>
#19 0x5572e2f65134 <unknown>
#20 0x5572e2f3a5aa <unknown>
#21 0x5572e2f84459 <unknown>
#22 0x5572e2f84646 <unknown>
#23 0x5572e2f93193 <unknown>
#24 0x7fda9dac5134 <unknown>

[2024-12-02T17:26:45.006+0000] {local_task_job_runner.py:266} INFO - Task exited with return code 1
[2024-12-02T17:26:45.016+0000] {taskinstance.py:3895} INFO - 0 downstream tasks scheduled from follow-on schedule check
[2024-12-02T17:26:45.018+0000] {local_task_job_runner.py:245} INFO - ::endgroup::
