[2024-12-02T14:34:11.687+0000] {local_task_job_runner.py:123} INFO - ::group::Pre task execution logs
[2024-12-02T14:34:11.696+0000] {taskinstance.py:2613} INFO - Dependencies all met for dep_context=non-requeueable deps ti=<TaskInstance: tv_schedule_scraper.scrape_tv_schedule manual__2024-12-02T14:29:06.495764+00:00 [queued]>
[2024-12-02T14:34:11.700+0000] {taskinstance.py:2613} INFO - Dependencies all met for dep_context=requeueable deps ti=<TaskInstance: tv_schedule_scraper.scrape_tv_schedule manual__2024-12-02T14:29:06.495764+00:00 [queued]>
[2024-12-02T14:34:11.700+0000] {taskinstance.py:2866} INFO - Starting attempt 2 of 2
[2024-12-02T14:34:11.708+0000] {taskinstance.py:2889} INFO - Executing <Task(PythonOperator): scrape_tv_schedule> on 2024-12-02 14:29:06.495764+00:00
[2024-12-02T14:34:11.712+0000] {warnings.py:112} WARNING - /home/***/.local/lib/python3.12/site-packages/***/task/task_runner/standard_task_runner.py:70: DeprecationWarning: This process (pid=178) is multi-threaded, use of fork() may lead to deadlocks in the child.
  pid = os.fork()

[2024-12-02T14:34:11.713+0000] {standard_task_runner.py:72} INFO - Started process 179 to run task
[2024-12-02T14:34:11.712+0000] {standard_task_runner.py:104} INFO - Running: ['***', 'tasks', 'run', 'tv_schedule_scraper', 'scrape_tv_schedule', 'manual__2024-12-02T14:29:06.495764+00:00', '--job-id', '210', '--raw', '--subdir', 'DAGS_FOLDER/dag_rtve.py', '--cfg-path', '/tmp/tmpfj3wwo0d']
[2024-12-02T14:34:11.714+0000] {standard_task_runner.py:105} INFO - Job 210: Subtask scrape_tv_schedule
[2024-12-02T14:34:11.737+0000] {task_command.py:467} INFO - Running <TaskInstance: tv_schedule_scraper.scrape_tv_schedule manual__2024-12-02T14:29:06.495764+00:00 [running]> on host e33f824af7e9
[2024-12-02T14:34:11.773+0000] {taskinstance.py:3132} INFO - Exporting env vars: AIRFLOW_CTX_DAG_OWNER='***' AIRFLOW_CTX_DAG_ID='tv_schedule_scraper' AIRFLOW_CTX_TASK_ID='scrape_tv_schedule' AIRFLOW_CTX_EXECUTION_DATE='2024-12-02T14:29:06.495764+00:00' AIRFLOW_CTX_TRY_NUMBER='2' AIRFLOW_CTX_DAG_RUN_ID='manual__2024-12-02T14:29:06.495764+00:00'
[2024-12-02T14:34:11.774+0000] {taskinstance.py:731} INFO - ::endgroup::
[2024-12-02T14:34:34.567+0000] {taskinstance.py:3311} ERROR - Task failed with exception
Traceback (most recent call last):
  File "/home/airflow/.local/lib/python3.12/site-packages/airflow/models/taskinstance.py", line 767, in _execute_task
    result = _execute_callable(context=context, **execute_callable_kwargs)
             ^^^^^^^^^^^^^^^^^^^^^^^^^^^^^^^^^^^^^^^^^^^^^^^^^^^^^^^^^^^^^
  File "/home/airflow/.local/lib/python3.12/site-packages/airflow/models/taskinstance.py", line 733, in _execute_callable
    return ExecutionCallableRunner(
           ^^^^^^^^^^^^^^^^^^^^^^^^
  File "/home/airflow/.local/lib/python3.12/site-packages/airflow/utils/operator_helpers.py", line 252, in run
    return self.func(*args, **kwargs)
           ^^^^^^^^^^^^^^^^^^^^^^^^^^
  File "/home/airflow/.local/lib/python3.12/site-packages/airflow/models/baseoperator.py", line 417, in wrapper
    return func(self, *args, **kwargs)
           ^^^^^^^^^^^^^^^^^^^^^^^^^^^
  File "/home/airflow/.local/lib/python3.12/site-packages/airflow/operators/python.py", line 238, in execute
    return_value = self.execute_callable()
                   ^^^^^^^^^^^^^^^^^^^^^^^
  File "/home/airflow/.local/lib/python3.12/site-packages/airflow/operators/python.py", line 256, in execute_callable
    return runner.run(*self.op_args, **self.op_kwargs)
           ^^^^^^^^^^^^^^^^^^^^^^^^^^^^^^^^^^^^^^^^^^^
  File "/home/airflow/.local/lib/python3.12/site-packages/airflow/utils/operator_helpers.py", line 252, in run
    return self.func(*args, **kwargs)
           ^^^^^^^^^^^^^^^^^^^^^^^^^^
  File "/opt/airflow/dags/dag_rtve.py", line 39, in scrape_tv_schedule
    ).click()
      ^^^^^^^
  File "/home/airflow/.local/lib/python3.12/site-packages/selenium/webdriver/remote/webelement.py", line 94, in click
    self._execute(Command.CLICK_ELEMENT)
  File "/home/airflow/.local/lib/python3.12/site-packages/selenium/webdriver/remote/webelement.py", line 395, in _execute
    return self._parent.execute(command, params)
           ^^^^^^^^^^^^^^^^^^^^^^^^^^^^^^^^^^^^^
  File "/home/airflow/.local/lib/python3.12/site-packages/selenium/webdriver/remote/webdriver.py", line 384, in execute
    self.error_handler.check_response(response)
  File "/home/airflow/.local/lib/python3.12/site-packages/selenium/webdriver/remote/errorhandler.py", line 232, in check_response
    raise exception_class(message, screen, stacktrace)
selenium.common.exceptions.ElementClickInterceptedException: Message: element click intercepted: Element is not clickable at point (668, 631)
  (Session info: chrome-headless-shell=124.0.6367.78)
Stacktrace:
#0 0x5620745faca7 <unknown>
#1 0x5620742d1c9c <unknown>
#2 0x56207431c65d <unknown>
#3 0x56207431adfd <unknown>
#4 0x5620743190b0 <unknown>
#5 0x5620743186eb <unknown>
#6 0x56207430df1a <unknown>
#7 0x562074338f86 <unknown>
#8 0x56207430d912 <unknown>
#9 0x562074339132 <unknown>
#10 0x562074355f16 <unknown>
#11 0x562074338ce7 <unknown>
#12 0x56207430b6b1 <unknown>
#13 0x56207430c4c6 <unknown>
#14 0x5620745c855a <unknown>
#15 0x5620745cb8ea <unknown>
#16 0x5620745cb393 <unknown>
#17 0x5620745cbd79 <unknown>
#18 0x5620745b8b2f <unknown>
#19 0x5620745cc134 <unknown>
#20 0x5620745a15aa <unknown>
#21 0x5620745eb459 <unknown>
#22 0x5620745eb646 <unknown>
#23 0x5620745fa193 <unknown>
#24 0x7f37b69c2134 <unknown>

[2024-12-02T14:34:34.576+0000] {taskinstance.py:1225} INFO - Marking task as FAILED. dag_id=tv_schedule_scraper, task_id=scrape_tv_schedule, run_id=manual__2024-12-02T14:29:06.495764+00:00, execution_date=20241202T142906, start_date=20241202T143411, end_date=20241202T143434
[2024-12-02T14:34:34.582+0000] {taskinstance.py:340} INFO - ::group::Post task execution logs
[2024-12-02T14:34:34.582+0000] {standard_task_runner.py:124} ERROR - Failed to execute job 210 for task scrape_tv_schedule (Message: element click intercepted: Element is not clickable at point (668, 631)
  (Session info: chrome-headless-shell=124.0.6367.78)
Stacktrace:
#0 0x5620745faca7 <unknown>
#1 0x5620742d1c9c <unknown>
#2 0x56207431c65d <unknown>
#3 0x56207431adfd <unknown>
#4 0x5620743190b0 <unknown>
#5 0x5620743186eb <unknown>
#6 0x56207430df1a <unknown>
#7 0x562074338f86 <unknown>
#8 0x56207430d912 <unknown>
#9 0x562074339132 <unknown>
#10 0x562074355f16 <unknown>
#11 0x562074338ce7 <unknown>
#12 0x56207430b6b1 <unknown>
#13 0x56207430c4c6 <unknown>
#14 0x5620745c855a <unknown>
#15 0x5620745cb8ea <unknown>
#16 0x5620745cb393 <unknown>
#17 0x5620745cbd79 <unknown>
#18 0x5620745b8b2f <unknown>
#19 0x5620745cc134 <unknown>
#20 0x5620745a15aa <unknown>
#21 0x5620745eb459 <unknown>
#22 0x5620745eb646 <unknown>
#23 0x5620745fa193 <unknown>
#24 0x7f37b69c2134 <unknown>
; 179)
Traceback (most recent call last):
  File "/home/airflow/.local/lib/python3.12/site-packages/airflow/task/task_runner/standard_task_runner.py", line 117, in _start_by_fork
    ret = args.func(args, dag=self.dag)
          ^^^^^^^^^^^^^^^^^^^^^^^^^^^^^
  File "/home/airflow/.local/lib/python3.12/site-packages/airflow/cli/cli_config.py", line 49, in command
    return func(*args, **kwargs)
           ^^^^^^^^^^^^^^^^^^^^^
  File "/home/airflow/.local/lib/python3.12/site-packages/airflow/utils/cli.py", line 116, in wrapper
    return f(*args, **kwargs)
           ^^^^^^^^^^^^^^^^^^
  File "/home/airflow/.local/lib/python3.12/site-packages/airflow/cli/commands/task_command.py", line 483, in task_run
    task_return_code = _run_task_by_selected_method(args, _dag, ti)
                       ^^^^^^^^^^^^^^^^^^^^^^^^^^^^^^^^^^^^^^^^^^^^
  File "/home/airflow/.local/lib/python3.12/site-packages/airflow/cli/commands/task_command.py", line 256, in _run_task_by_selected_method
    return _run_raw_task(args, ti)
           ^^^^^^^^^^^^^^^^^^^^^^^
  File "/home/airflow/.local/lib/python3.12/site-packages/airflow/cli/commands/task_command.py", line 341, in _run_raw_task
    return ti._run_raw_task(
           ^^^^^^^^^^^^^^^^^
  File "/home/airflow/.local/lib/python3.12/site-packages/airflow/utils/session.py", line 97, in wrapper
    return func(*args, session=session, **kwargs)
           ^^^^^^^^^^^^^^^^^^^^^^^^^^^^^^^^^^^^^^
  File "/home/airflow/.local/lib/python3.12/site-packages/airflow/models/taskinstance.py", line 3005, in _run_raw_task
    return _run_raw_task(
           ^^^^^^^^^^^^^^
  File "/home/airflow/.local/lib/python3.12/site-packages/airflow/models/taskinstance.py", line 273, in _run_raw_task
    TaskInstance._execute_task_with_callbacks(
  File "/home/airflow/.local/lib/python3.12/site-packages/airflow/models/taskinstance.py", line 3159, in _execute_task_with_callbacks
    result = self._execute_task(context, task_orig)
             ^^^^^^^^^^^^^^^^^^^^^^^^^^^^^^^^^^^^^^
  File "/home/airflow/.local/lib/python3.12/site-packages/airflow/models/taskinstance.py", line 3183, in _execute_task
    return _execute_task(self, context, task_orig)
           ^^^^^^^^^^^^^^^^^^^^^^^^^^^^^^^^^^^^^^^
  File "/home/airflow/.local/lib/python3.12/site-packages/airflow/models/taskinstance.py", line 767, in _execute_task
    result = _execute_callable(context=context, **execute_callable_kwargs)
             ^^^^^^^^^^^^^^^^^^^^^^^^^^^^^^^^^^^^^^^^^^^^^^^^^^^^^^^^^^^^^
  File "/home/airflow/.local/lib/python3.12/site-packages/airflow/models/taskinstance.py", line 733, in _execute_callable
    return ExecutionCallableRunner(
           ^^^^^^^^^^^^^^^^^^^^^^^^
  File "/home/airflow/.local/lib/python3.12/site-packages/airflow/utils/operator_helpers.py", line 252, in run
    return self.func(*args, **kwargs)
           ^^^^^^^^^^^^^^^^^^^^^^^^^^
  File "/home/airflow/.local/lib/python3.12/site-packages/airflow/models/baseoperator.py", line 417, in wrapper
    return func(self, *args, **kwargs)
           ^^^^^^^^^^^^^^^^^^^^^^^^^^^
  File "/home/airflow/.local/lib/python3.12/site-packages/airflow/operators/python.py", line 238, in execute
    return_value = self.execute_callable()
                   ^^^^^^^^^^^^^^^^^^^^^^^
  File "/home/airflow/.local/lib/python3.12/site-packages/airflow/operators/python.py", line 256, in execute_callable
    return runner.run(*self.op_args, **self.op_kwargs)
           ^^^^^^^^^^^^^^^^^^^^^^^^^^^^^^^^^^^^^^^^^^^
  File "/home/airflow/.local/lib/python3.12/site-packages/airflow/utils/operator_helpers.py", line 252, in run
    return self.func(*args, **kwargs)
           ^^^^^^^^^^^^^^^^^^^^^^^^^^
  File "/opt/airflow/dags/dag_rtve.py", line 39, in scrape_tv_schedule
    ).click()
      ^^^^^^^
  File "/home/airflow/.local/lib/python3.12/site-packages/selenium/webdriver/remote/webelement.py", line 94, in click
    self._execute(Command.CLICK_ELEMENT)
  File "/home/airflow/.local/lib/python3.12/site-packages/selenium/webdriver/remote/webelement.py", line 395, in _execute
    return self._parent.execute(command, params)
           ^^^^^^^^^^^^^^^^^^^^^^^^^^^^^^^^^^^^^
  File "/home/airflow/.local/lib/python3.12/site-packages/selenium/webdriver/remote/webdriver.py", line 384, in execute
    self.error_handler.check_response(response)
  File "/home/airflow/.local/lib/python3.12/site-packages/selenium/webdriver/remote/errorhandler.py", line 232, in check_response
    raise exception_class(message, screen, stacktrace)
selenium.common.exceptions.ElementClickInterceptedException: Message: element click intercepted: Element is not clickable at point (668, 631)
  (Session info: chrome-headless-shell=124.0.6367.78)
Stacktrace:
#0 0x5620745faca7 <unknown>
#1 0x5620742d1c9c <unknown>
#2 0x56207431c65d <unknown>
#3 0x56207431adfd <unknown>
#4 0x5620743190b0 <unknown>
#5 0x5620743186eb <unknown>
#6 0x56207430df1a <unknown>
#7 0x562074338f86 <unknown>
#8 0x56207430d912 <unknown>
#9 0x562074339132 <unknown>
#10 0x562074355f16 <unknown>
#11 0x562074338ce7 <unknown>
#12 0x56207430b6b1 <unknown>
#13 0x56207430c4c6 <unknown>
#14 0x5620745c855a <unknown>
#15 0x5620745cb8ea <unknown>
#16 0x5620745cb393 <unknown>
#17 0x5620745cbd79 <unknown>
#18 0x5620745b8b2f <unknown>
#19 0x5620745cc134 <unknown>
#20 0x5620745a15aa <unknown>
#21 0x5620745eb459 <unknown>
#22 0x5620745eb646 <unknown>
#23 0x5620745fa193 <unknown>
#24 0x7f37b69c2134 <unknown>

[2024-12-02T14:34:34.593+0000] {local_task_job_runner.py:266} INFO - Task exited with return code 1
[2024-12-02T14:34:34.601+0000] {taskinstance.py:3895} INFO - 0 downstream tasks scheduled from follow-on schedule check
[2024-12-02T14:34:34.602+0000] {local_task_job_runner.py:245} INFO - ::endgroup::
