[2024-12-02T15:40:42.766+0000] {local_task_job_runner.py:123} INFO - ::group::Pre task execution logs
[2024-12-02T15:40:42.777+0000] {taskinstance.py:2613} INFO - Dependencies all met for dep_context=non-requeueable deps ti=<TaskInstance: tv_schedule_scraper.scrape_tv_schedule manual__2024-12-02T15:34:17.177316+00:00 [queued]>
[2024-12-02T15:40:42.781+0000] {taskinstance.py:2613} INFO - Dependencies all met for dep_context=requeueable deps ti=<TaskInstance: tv_schedule_scraper.scrape_tv_schedule manual__2024-12-02T15:34:17.177316+00:00 [queued]>
[2024-12-02T15:40:42.782+0000] {taskinstance.py:2866} INFO - Starting attempt 2 of 2
[2024-12-02T15:40:42.789+0000] {taskinstance.py:2889} INFO - Executing <Task(PythonOperator): scrape_tv_schedule> on 2024-12-02 15:34:17.177316+00:00
[2024-12-02T15:40:42.792+0000] {warnings.py:112} WARNING - /home/***/.local/lib/python3.12/site-packages/***/task/task_runner/standard_task_runner.py:70: DeprecationWarning: This process (pid=137) is multi-threaded, use of fork() may lead to deadlocks in the child.
  pid = os.fork()

[2024-12-02T15:40:42.793+0000] {standard_task_runner.py:72} INFO - Started process 138 to run task
[2024-12-02T15:40:42.793+0000] {standard_task_runner.py:104} INFO - Running: ['***', 'tasks', 'run', 'tv_schedule_scraper', 'scrape_tv_schedule', 'manual__2024-12-02T15:34:17.177316+00:00', '--job-id', '228', '--raw', '--subdir', 'DAGS_FOLDER/dag_rtve.py', '--cfg-path', '/tmp/tmpt08x7vcg']
[2024-12-02T15:40:42.795+0000] {standard_task_runner.py:105} INFO - Job 228: Subtask scrape_tv_schedule
[2024-12-02T15:40:42.821+0000] {task_command.py:467} INFO - Running <TaskInstance: tv_schedule_scraper.scrape_tv_schedule manual__2024-12-02T15:34:17.177316+00:00 [running]> on host e33f824af7e9
[2024-12-02T15:40:42.860+0000] {taskinstance.py:3132} INFO - Exporting env vars: AIRFLOW_CTX_DAG_OWNER='***' AIRFLOW_CTX_DAG_ID='tv_schedule_scraper' AIRFLOW_CTX_TASK_ID='scrape_tv_schedule' AIRFLOW_CTX_EXECUTION_DATE='2024-12-02T15:34:17.177316+00:00' AIRFLOW_CTX_TRY_NUMBER='2' AIRFLOW_CTX_DAG_RUN_ID='manual__2024-12-02T15:34:17.177316+00:00'
[2024-12-02T15:40:42.861+0000] {taskinstance.py:731} INFO - ::endgroup::
[2024-12-02T15:40:54.161+0000] {taskinstance.py:3311} ERROR - Task failed with exception
Traceback (most recent call last):
  File "/home/airflow/.local/lib/python3.12/site-packages/airflow/models/taskinstance.py", line 767, in _execute_task
    result = _execute_callable(context=context, **execute_callable_kwargs)
             ^^^^^^^^^^^^^^^^^^^^^^^^^^^^^^^^^^^^^^^^^^^^^^^^^^^^^^^^^^^^^
  File "/home/airflow/.local/lib/python3.12/site-packages/airflow/models/taskinstance.py", line 733, in _execute_callable
    return ExecutionCallableRunner(
           ^^^^^^^^^^^^^^^^^^^^^^^^
  File "/home/airflow/.local/lib/python3.12/site-packages/airflow/utils/operator_helpers.py", line 252, in run
    return self.func(*args, **kwargs)
           ^^^^^^^^^^^^^^^^^^^^^^^^^^
  File "/home/airflow/.local/lib/python3.12/site-packages/airflow/models/baseoperator.py", line 417, in wrapper
    return func(self, *args, **kwargs)
           ^^^^^^^^^^^^^^^^^^^^^^^^^^^
  File "/home/airflow/.local/lib/python3.12/site-packages/airflow/operators/python.py", line 238, in execute
    return_value = self.execute_callable()
                   ^^^^^^^^^^^^^^^^^^^^^^^
  File "/home/airflow/.local/lib/python3.12/site-packages/airflow/operators/python.py", line 256, in execute_callable
    return runner.run(*self.op_args, **self.op_kwargs)
           ^^^^^^^^^^^^^^^^^^^^^^^^^^^^^^^^^^^^^^^^^^^
  File "/home/airflow/.local/lib/python3.12/site-packages/airflow/utils/operator_helpers.py", line 252, in run
    return self.func(*args, **kwargs)
           ^^^^^^^^^^^^^^^^^^^^^^^^^^
  File "/opt/airflow/dags/dag_rtve.py", line 37, in scrape_tv_schedule
    WebDriverWait(driver, 10).until(
  File "/home/airflow/.local/lib/python3.12/site-packages/selenium/webdriver/support/wait.py", line 105, in until
    raise TimeoutException(message, screen, stacktrace)
selenium.common.exceptions.TimeoutException: Message: 
Stacktrace:
#0 0x559be1c26ca7 <unknown>
#1 0x559be18fdc9c <unknown>
#2 0x559be19431e2 <unknown>
#3 0x559be1943305 <unknown>
#4 0x559be1984058 <unknown>
#5 0x559be1964fb1 <unknown>
#6 0x559be1981f16 <unknown>
#7 0x559be1964ce7 <unknown>
#8 0x559be19376b1 <unknown>
#9 0x559be19384c6 <unknown>
#10 0x559be1bf455a <unknown>
#11 0x559be1bf78ea <unknown>
#12 0x559be1bf7393 <unknown>
#13 0x559be1bf7d79 <unknown>
#14 0x559be1be4b2f <unknown>
#15 0x559be1bf8134 <unknown>
#16 0x559be1bcd5aa <unknown>
#17 0x559be1c17459 <unknown>
#18 0x559be1c17646 <unknown>
#19 0x559be1c26193 <unknown>
#20 0x7fa24ce84134 <unknown>

[2024-12-02T15:40:54.168+0000] {taskinstance.py:1225} INFO - Marking task as FAILED. dag_id=tv_schedule_scraper, task_id=scrape_tv_schedule, run_id=manual__2024-12-02T15:34:17.177316+00:00, execution_date=20241202T153417, start_date=20241202T154042, end_date=20241202T154054
[2024-12-02T15:40:54.175+0000] {taskinstance.py:340} INFO - ::group::Post task execution logs
[2024-12-02T15:40:54.175+0000] {standard_task_runner.py:124} ERROR - Failed to execute job 228 for task scrape_tv_schedule (Message: 
Stacktrace:
#0 0x559be1c26ca7 <unknown>
#1 0x559be18fdc9c <unknown>
#2 0x559be19431e2 <unknown>
#3 0x559be1943305 <unknown>
#4 0x559be1984058 <unknown>
#5 0x559be1964fb1 <unknown>
#6 0x559be1981f16 <unknown>
#7 0x559be1964ce7 <unknown>
#8 0x559be19376b1 <unknown>
#9 0x559be19384c6 <unknown>
#10 0x559be1bf455a <unknown>
#11 0x559be1bf78ea <unknown>
#12 0x559be1bf7393 <unknown>
#13 0x559be1bf7d79 <unknown>
#14 0x559be1be4b2f <unknown>
#15 0x559be1bf8134 <unknown>
#16 0x559be1bcd5aa <unknown>
#17 0x559be1c17459 <unknown>
#18 0x559be1c17646 <unknown>
#19 0x559be1c26193 <unknown>
#20 0x7fa24ce84134 <unknown>
; 138)
Traceback (most recent call last):
  File "/home/airflow/.local/lib/python3.12/site-packages/airflow/task/task_runner/standard_task_runner.py", line 117, in _start_by_fork
    ret = args.func(args, dag=self.dag)
          ^^^^^^^^^^^^^^^^^^^^^^^^^^^^^
  File "/home/airflow/.local/lib/python3.12/site-packages/airflow/cli/cli_config.py", line 49, in command
    return func(*args, **kwargs)
           ^^^^^^^^^^^^^^^^^^^^^
  File "/home/airflow/.local/lib/python3.12/site-packages/airflow/utils/cli.py", line 116, in wrapper
    return f(*args, **kwargs)
           ^^^^^^^^^^^^^^^^^^
  File "/home/airflow/.local/lib/python3.12/site-packages/airflow/cli/commands/task_command.py", line 483, in task_run
    task_return_code = _run_task_by_selected_method(args, _dag, ti)
                       ^^^^^^^^^^^^^^^^^^^^^^^^^^^^^^^^^^^^^^^^^^^^
  File "/home/airflow/.local/lib/python3.12/site-packages/airflow/cli/commands/task_command.py", line 256, in _run_task_by_selected_method
    return _run_raw_task(args, ti)
           ^^^^^^^^^^^^^^^^^^^^^^^
  File "/home/airflow/.local/lib/python3.12/site-packages/airflow/cli/commands/task_command.py", line 341, in _run_raw_task
    return ti._run_raw_task(
           ^^^^^^^^^^^^^^^^^
  File "/home/airflow/.local/lib/python3.12/site-packages/airflow/utils/session.py", line 97, in wrapper
    return func(*args, session=session, **kwargs)
           ^^^^^^^^^^^^^^^^^^^^^^^^^^^^^^^^^^^^^^
  File "/home/airflow/.local/lib/python3.12/site-packages/airflow/models/taskinstance.py", line 3005, in _run_raw_task
    return _run_raw_task(
           ^^^^^^^^^^^^^^
  File "/home/airflow/.local/lib/python3.12/site-packages/airflow/models/taskinstance.py", line 273, in _run_raw_task
    TaskInstance._execute_task_with_callbacks(
  File "/home/airflow/.local/lib/python3.12/site-packages/airflow/models/taskinstance.py", line 3159, in _execute_task_with_callbacks
    result = self._execute_task(context, task_orig)
             ^^^^^^^^^^^^^^^^^^^^^^^^^^^^^^^^^^^^^^
  File "/home/airflow/.local/lib/python3.12/site-packages/airflow/models/taskinstance.py", line 3183, in _execute_task
    return _execute_task(self, context, task_orig)
           ^^^^^^^^^^^^^^^^^^^^^^^^^^^^^^^^^^^^^^^
  File "/home/airflow/.local/lib/python3.12/site-packages/airflow/models/taskinstance.py", line 767, in _execute_task
    result = _execute_callable(context=context, **execute_callable_kwargs)
             ^^^^^^^^^^^^^^^^^^^^^^^^^^^^^^^^^^^^^^^^^^^^^^^^^^^^^^^^^^^^^
  File "/home/airflow/.local/lib/python3.12/site-packages/airflow/models/taskinstance.py", line 733, in _execute_callable
    return ExecutionCallableRunner(
           ^^^^^^^^^^^^^^^^^^^^^^^^
  File "/home/airflow/.local/lib/python3.12/site-packages/airflow/utils/operator_helpers.py", line 252, in run
    return self.func(*args, **kwargs)
           ^^^^^^^^^^^^^^^^^^^^^^^^^^
  File "/home/airflow/.local/lib/python3.12/site-packages/airflow/models/baseoperator.py", line 417, in wrapper
    return func(self, *args, **kwargs)
           ^^^^^^^^^^^^^^^^^^^^^^^^^^^
  File "/home/airflow/.local/lib/python3.12/site-packages/airflow/operators/python.py", line 238, in execute
    return_value = self.execute_callable()
                   ^^^^^^^^^^^^^^^^^^^^^^^
  File "/home/airflow/.local/lib/python3.12/site-packages/airflow/operators/python.py", line 256, in execute_callable
    return runner.run(*self.op_args, **self.op_kwargs)
           ^^^^^^^^^^^^^^^^^^^^^^^^^^^^^^^^^^^^^^^^^^^
  File "/home/airflow/.local/lib/python3.12/site-packages/airflow/utils/operator_helpers.py", line 252, in run
    return self.func(*args, **kwargs)
           ^^^^^^^^^^^^^^^^^^^^^^^^^^
  File "/opt/airflow/dags/dag_rtve.py", line 37, in scrape_tv_schedule
    WebDriverWait(driver, 10).until(
  File "/home/airflow/.local/lib/python3.12/site-packages/selenium/webdriver/support/wait.py", line 105, in until
    raise TimeoutException(message, screen, stacktrace)
selenium.common.exceptions.TimeoutException: Message: 
Stacktrace:
#0 0x559be1c26ca7 <unknown>
#1 0x559be18fdc9c <unknown>
#2 0x559be19431e2 <unknown>
#3 0x559be1943305 <unknown>
#4 0x559be1984058 <unknown>
#5 0x559be1964fb1 <unknown>
#6 0x559be1981f16 <unknown>
#7 0x559be1964ce7 <unknown>
#8 0x559be19376b1 <unknown>
#9 0x559be19384c6 <unknown>
#10 0x559be1bf455a <unknown>
#11 0x559be1bf78ea <unknown>
#12 0x559be1bf7393 <unknown>
#13 0x559be1bf7d79 <unknown>
#14 0x559be1be4b2f <unknown>
#15 0x559be1bf8134 <unknown>
#16 0x559be1bcd5aa <unknown>
#17 0x559be1c17459 <unknown>
#18 0x559be1c17646 <unknown>
#19 0x559be1c26193 <unknown>
#20 0x7fa24ce84134 <unknown>

[2024-12-02T15:40:54.200+0000] {local_task_job_runner.py:266} INFO - Task exited with return code 1
[2024-12-02T15:40:54.209+0000] {taskinstance.py:3895} INFO - 0 downstream tasks scheduled from follow-on schedule check
[2024-12-02T15:40:54.211+0000] {local_task_job_runner.py:245} INFO - ::endgroup::
