[2024-12-02T16:12:42.009+0000] {local_task_job_runner.py:123} INFO - ::group::Pre task execution logs
[2024-12-02T16:12:42.018+0000] {taskinstance.py:2613} INFO - Dependencies all met for dep_context=non-requeueable deps ti=<TaskInstance: tv_schedule_scraper.scrape_tv_schedule manual__2024-12-02T16:12:40.971179+00:00 [queued]>
[2024-12-02T16:12:42.022+0000] {taskinstance.py:2613} INFO - Dependencies all met for dep_context=requeueable deps ti=<TaskInstance: tv_schedule_scraper.scrape_tv_schedule manual__2024-12-02T16:12:40.971179+00:00 [queued]>
[2024-12-02T16:12:42.023+0000] {taskinstance.py:2866} INFO - Starting attempt 1 of 2
[2024-12-02T16:12:42.029+0000] {taskinstance.py:2889} INFO - Executing <Task(PythonOperator): scrape_tv_schedule> on 2024-12-02 16:12:40.971179+00:00
[2024-12-02T16:12:42.032+0000] {warnings.py:112} WARNING - /home/***/.local/lib/python3.12/site-packages/***/task/task_runner/standard_task_runner.py:70: DeprecationWarning: This process (pid=107) is multi-threaded, use of fork() may lead to deadlocks in the child.
  pid = os.fork()

[2024-12-02T16:12:42.033+0000] {standard_task_runner.py:72} INFO - Started process 108 to run task
[2024-12-02T16:12:42.033+0000] {standard_task_runner.py:104} INFO - Running: ['***', 'tasks', 'run', 'tv_schedule_scraper', 'scrape_tv_schedule', 'manual__2024-12-02T16:12:40.971179+00:00', '--job-id', '259', '--raw', '--subdir', 'DAGS_FOLDER/dag_rtve.py', '--cfg-path', '/tmp/tmpsnrlbnsz']
[2024-12-02T16:12:42.035+0000] {standard_task_runner.py:105} INFO - Job 259: Subtask scrape_tv_schedule
[2024-12-02T16:12:42.059+0000] {task_command.py:467} INFO - Running <TaskInstance: tv_schedule_scraper.scrape_tv_schedule manual__2024-12-02T16:12:40.971179+00:00 [running]> on host c2dfb6fa46f1
[2024-12-02T16:12:42.102+0000] {taskinstance.py:3132} INFO - Exporting env vars: AIRFLOW_CTX_DAG_OWNER='***' AIRFLOW_CTX_DAG_ID='tv_schedule_scraper' AIRFLOW_CTX_TASK_ID='scrape_tv_schedule' AIRFLOW_CTX_EXECUTION_DATE='2024-12-02T16:12:40.971179+00:00' AIRFLOW_CTX_TRY_NUMBER='1' AIRFLOW_CTX_DAG_RUN_ID='manual__2024-12-02T16:12:40.971179+00:00'
[2024-12-02T16:12:42.103+0000] {taskinstance.py:731} INFO - ::endgroup::
[2024-12-02T16:12:53.273+0000] {taskinstance.py:3311} ERROR - Task failed with exception
Traceback (most recent call last):
  File "/home/airflow/.local/lib/python3.12/site-packages/airflow/models/taskinstance.py", line 767, in _execute_task
    result = _execute_callable(context=context, **execute_callable_kwargs)
             ^^^^^^^^^^^^^^^^^^^^^^^^^^^^^^^^^^^^^^^^^^^^^^^^^^^^^^^^^^^^^
  File "/home/airflow/.local/lib/python3.12/site-packages/airflow/models/taskinstance.py", line 733, in _execute_callable
    return ExecutionCallableRunner(
           ^^^^^^^^^^^^^^^^^^^^^^^^
  File "/home/airflow/.local/lib/python3.12/site-packages/airflow/utils/operator_helpers.py", line 252, in run
    return self.func(*args, **kwargs)
           ^^^^^^^^^^^^^^^^^^^^^^^^^^
  File "/home/airflow/.local/lib/python3.12/site-packages/airflow/models/baseoperator.py", line 417, in wrapper
    return func(self, *args, **kwargs)
           ^^^^^^^^^^^^^^^^^^^^^^^^^^^
  File "/home/airflow/.local/lib/python3.12/site-packages/airflow/operators/python.py", line 238, in execute
    return_value = self.execute_callable()
                   ^^^^^^^^^^^^^^^^^^^^^^^
  File "/home/airflow/.local/lib/python3.12/site-packages/airflow/operators/python.py", line 256, in execute_callable
    return runner.run(*self.op_args, **self.op_kwargs)
           ^^^^^^^^^^^^^^^^^^^^^^^^^^^^^^^^^^^^^^^^^^^
  File "/home/airflow/.local/lib/python3.12/site-packages/airflow/utils/operator_helpers.py", line 252, in run
    return self.func(*args, **kwargs)
           ^^^^^^^^^^^^^^^^^^^^^^^^^^
  File "/opt/airflow/dags/dag_rtve.py", line 37, in scrape_tv_schedule
    WebDriverWait(driver, 10).until(
  File "/home/airflow/.local/lib/python3.12/site-packages/selenium/webdriver/support/wait.py", line 105, in until
    raise TimeoutException(message, screen, stacktrace)
selenium.common.exceptions.TimeoutException: Message: 
Stacktrace:
#0 0x55cc8174fca7 <unknown>
#1 0x55cc81426c9c <unknown>
#2 0x55cc8146c1e2 <unknown>
#3 0x55cc8146c305 <unknown>
#4 0x55cc814ad058 <unknown>
#5 0x55cc8148dfb1 <unknown>
#6 0x55cc814aaf16 <unknown>
#7 0x55cc8148dce7 <unknown>
#8 0x55cc814606b1 <unknown>
#9 0x55cc814614c6 <unknown>
#10 0x55cc8171d55a <unknown>
#11 0x55cc817208ea <unknown>
#12 0x55cc81720393 <unknown>
#13 0x55cc81720d79 <unknown>
#14 0x55cc8170db2f <unknown>
#15 0x55cc81721134 <unknown>
#16 0x55cc816f65aa <unknown>
#17 0x55cc81740459 <unknown>
#18 0x55cc81740646 <unknown>
#19 0x55cc8174f193 <unknown>
#20 0x7f4e6493f134 <unknown>

[2024-12-02T16:12:53.283+0000] {taskinstance.py:1225} INFO - Marking task as UP_FOR_RETRY. dag_id=tv_schedule_scraper, task_id=scrape_tv_schedule, run_id=manual__2024-12-02T16:12:40.971179+00:00, execution_date=20241202T161240, start_date=20241202T161242, end_date=20241202T161253
[2024-12-02T16:12:53.291+0000] {taskinstance.py:340} INFO - ::group::Post task execution logs
[2024-12-02T16:12:53.291+0000] {standard_task_runner.py:124} ERROR - Failed to execute job 259 for task scrape_tv_schedule (Message: 
Stacktrace:
#0 0x55cc8174fca7 <unknown>
#1 0x55cc81426c9c <unknown>
#2 0x55cc8146c1e2 <unknown>
#3 0x55cc8146c305 <unknown>
#4 0x55cc814ad058 <unknown>
#5 0x55cc8148dfb1 <unknown>
#6 0x55cc814aaf16 <unknown>
#7 0x55cc8148dce7 <unknown>
#8 0x55cc814606b1 <unknown>
#9 0x55cc814614c6 <unknown>
#10 0x55cc8171d55a <unknown>
#11 0x55cc817208ea <unknown>
#12 0x55cc81720393 <unknown>
#13 0x55cc81720d79 <unknown>
#14 0x55cc8170db2f <unknown>
#15 0x55cc81721134 <unknown>
#16 0x55cc816f65aa <unknown>
#17 0x55cc81740459 <unknown>
#18 0x55cc81740646 <unknown>
#19 0x55cc8174f193 <unknown>
#20 0x7f4e6493f134 <unknown>
; 108)
Traceback (most recent call last):
  File "/home/airflow/.local/lib/python3.12/site-packages/airflow/task/task_runner/standard_task_runner.py", line 117, in _start_by_fork
    ret = args.func(args, dag=self.dag)
          ^^^^^^^^^^^^^^^^^^^^^^^^^^^^^
  File "/home/airflow/.local/lib/python3.12/site-packages/airflow/cli/cli_config.py", line 49, in command
    return func(*args, **kwargs)
           ^^^^^^^^^^^^^^^^^^^^^
  File "/home/airflow/.local/lib/python3.12/site-packages/airflow/utils/cli.py", line 116, in wrapper
    return f(*args, **kwargs)
           ^^^^^^^^^^^^^^^^^^
  File "/home/airflow/.local/lib/python3.12/site-packages/airflow/cli/commands/task_command.py", line 483, in task_run
    task_return_code = _run_task_by_selected_method(args, _dag, ti)
                       ^^^^^^^^^^^^^^^^^^^^^^^^^^^^^^^^^^^^^^^^^^^^
  File "/home/airflow/.local/lib/python3.12/site-packages/airflow/cli/commands/task_command.py", line 256, in _run_task_by_selected_method
    return _run_raw_task(args, ti)
           ^^^^^^^^^^^^^^^^^^^^^^^
  File "/home/airflow/.local/lib/python3.12/site-packages/airflow/cli/commands/task_command.py", line 341, in _run_raw_task
    return ti._run_raw_task(
           ^^^^^^^^^^^^^^^^^
  File "/home/airflow/.local/lib/python3.12/site-packages/airflow/utils/session.py", line 97, in wrapper
    return func(*args, session=session, **kwargs)
           ^^^^^^^^^^^^^^^^^^^^^^^^^^^^^^^^^^^^^^
  File "/home/airflow/.local/lib/python3.12/site-packages/airflow/models/taskinstance.py", line 3005, in _run_raw_task
    return _run_raw_task(
           ^^^^^^^^^^^^^^
  File "/home/airflow/.local/lib/python3.12/site-packages/airflow/models/taskinstance.py", line 273, in _run_raw_task
    TaskInstance._execute_task_with_callbacks(
  File "/home/airflow/.local/lib/python3.12/site-packages/airflow/models/taskinstance.py", line 3159, in _execute_task_with_callbacks
    result = self._execute_task(context, task_orig)
             ^^^^^^^^^^^^^^^^^^^^^^^^^^^^^^^^^^^^^^
  File "/home/airflow/.local/lib/python3.12/site-packages/airflow/models/taskinstance.py", line 3183, in _execute_task
    return _execute_task(self, context, task_orig)
           ^^^^^^^^^^^^^^^^^^^^^^^^^^^^^^^^^^^^^^^
  File "/home/airflow/.local/lib/python3.12/site-packages/airflow/models/taskinstance.py", line 767, in _execute_task
    result = _execute_callable(context=context, **execute_callable_kwargs)
             ^^^^^^^^^^^^^^^^^^^^^^^^^^^^^^^^^^^^^^^^^^^^^^^^^^^^^^^^^^^^^
  File "/home/airflow/.local/lib/python3.12/site-packages/airflow/models/taskinstance.py", line 733, in _execute_callable
    return ExecutionCallableRunner(
           ^^^^^^^^^^^^^^^^^^^^^^^^
  File "/home/airflow/.local/lib/python3.12/site-packages/airflow/utils/operator_helpers.py", line 252, in run
    return self.func(*args, **kwargs)
           ^^^^^^^^^^^^^^^^^^^^^^^^^^
  File "/home/airflow/.local/lib/python3.12/site-packages/airflow/models/baseoperator.py", line 417, in wrapper
    return func(self, *args, **kwargs)
           ^^^^^^^^^^^^^^^^^^^^^^^^^^^
  File "/home/airflow/.local/lib/python3.12/site-packages/airflow/operators/python.py", line 238, in execute
    return_value = self.execute_callable()
                   ^^^^^^^^^^^^^^^^^^^^^^^
  File "/home/airflow/.local/lib/python3.12/site-packages/airflow/operators/python.py", line 256, in execute_callable
    return runner.run(*self.op_args, **self.op_kwargs)
           ^^^^^^^^^^^^^^^^^^^^^^^^^^^^^^^^^^^^^^^^^^^
  File "/home/airflow/.local/lib/python3.12/site-packages/airflow/utils/operator_helpers.py", line 252, in run
    return self.func(*args, **kwargs)
           ^^^^^^^^^^^^^^^^^^^^^^^^^^
  File "/opt/airflow/dags/dag_rtve.py", line 37, in scrape_tv_schedule
    WebDriverWait(driver, 10).until(
  File "/home/airflow/.local/lib/python3.12/site-packages/selenium/webdriver/support/wait.py", line 105, in until
    raise TimeoutException(message, screen, stacktrace)
selenium.common.exceptions.TimeoutException: Message: 
Stacktrace:
#0 0x55cc8174fca7 <unknown>
#1 0x55cc81426c9c <unknown>
#2 0x55cc8146c1e2 <unknown>
#3 0x55cc8146c305 <unknown>
#4 0x55cc814ad058 <unknown>
#5 0x55cc8148dfb1 <unknown>
#6 0x55cc814aaf16 <unknown>
#7 0x55cc8148dce7 <unknown>
#8 0x55cc814606b1 <unknown>
#9 0x55cc814614c6 <unknown>
#10 0x55cc8171d55a <unknown>
#11 0x55cc817208ea <unknown>
#12 0x55cc81720393 <unknown>
#13 0x55cc81720d79 <unknown>
#14 0x55cc8170db2f <unknown>
#15 0x55cc81721134 <unknown>
#16 0x55cc816f65aa <unknown>
#17 0x55cc81740459 <unknown>
#18 0x55cc81740646 <unknown>
#19 0x55cc8174f193 <unknown>
#20 0x7f4e6493f134 <unknown>

[2024-12-02T16:12:53.320+0000] {local_task_job_runner.py:266} INFO - Task exited with return code 1
[2024-12-02T16:12:53.330+0000] {taskinstance.py:3895} INFO - 0 downstream tasks scheduled from follow-on schedule check
[2024-12-02T16:12:53.331+0000] {local_task_job_runner.py:245} INFO - ::endgroup::
